[10:05:43]  Demmarrage : 0.9.9.0
[10:05:43]  lecture de la configuration
[10:05:43] 	 Test dans la base de registre de  : EXPORTHYDRAS et de la valeur C:\ExportHydras\ProjectExport.exe
[10:05:43] 	 Resultat : False
[10:05:43]  Rafraichissement de la configuration
[10:05:44] 	 Tentative de connection
[10:05:44] 		 Connection OK
[10:05:44] 	 Tentative de connection
[10:05:44] 		 Deja connecte
[10:05:55] 	 Tentative de connection
[10:05:55] 		 Deja connecte
[10:05:55] 	 Tentative de connection
[10:05:55] 		 Deja connecte
[10:05:59]  Rafraichissement de la configuration
[10:05:59] 	 Tentative de connection
[10:05:59] 		 Connection OK
[10:05:59] 	 Tentative de connection
[10:05:59] 		 Deja connecte
[10:06:50]  Demmarrage : 0.9.9.0
[10:06:50]  lecture de la configuration
[10:06:50] 	 Test dans la base de registre de  : EXPORTHYDRAS et de la valeur C:\ExportHydras\ProjectExport.exe
[10:06:50] 	 Resultat : False
[10:06:50]  Rafraichissement de la configuration
[10:06:50] 	 Tentative de connection
[10:06:50] 		 Connection OK
[10:06:50] 	 Tentative de connection
[10:06:50] 		 Deja connecte
[10:07:35]  Sortie de programme
[10:27:42]  Demmarrage : 0.9.9.0
[10:27:42]  lecture de la configuration
[10:27:42] 	 Test dans la base de registre de  : EXPORTHYDRAS et de la valeur C:\ExportHydras\ProjectExport.exe
[10:27:42] 	 Resultat : False
[10:27:42]  Rafraichissement de la configuration
[10:27:42] 	 Tentative de connection
[10:27:42] 		 Connection OK
[10:27:42] 	 Tentative de connection
[10:27:42] 		 Deja connecte
[10:27:54]  Sortie de programme
[10:30:11]  Demmarrage : 0.9.9.0
[10:30:11]  lecture de la configuration
[10:30:11] 	 Test dans la base de registre de  : EXPORTHYDRAS et de la valeur C:\ExportHydras\ProjectExport.exe
[10:30:11] 	 Resultat : False
[10:30:11]  Rafraichissement de la configuration
[10:30:12] 	 Tentative de connection
[10:30:12] 		 Connection OK
[10:30:12] 	 Tentative de connection
[10:30:12] 		 Deja connecte
[10:33:27]  Demmarrage : 0.9.9.0
[10:33:27]  lecture de la configuration
[10:33:27] 	 Test dans la base de registre de  : EXPORTHYDRAS et de la valeur C:\ExportHydras\ProjectExport.exe
[10:33:27] 	 Resultat : False
[10:33:27]  Rafraichissement de la configuration
[10:33:27] 	 Tentative de connection
[10:33:27] 		 Connection OK
[10:33:27] 	 Tentative de connection
[10:33:27] 		 Deja connecte
[10:38:16]  Demmarrage : 0.9.9.0
[10:38:16]  lecture de la configuration
[10:38:17] 	 Test dans la base de registre de  : EXPORTHYDRAS et de la valeur C:\ExportHydras\ProjectExport.exe
[10:38:17] 	 Resultat : False
[10:38:17]  Rafraichissement de la configuration
[10:38:17] 	 Tentative de connection
[10:38:17] 		 Connection OK
[10:38:17] 	 Tentative de connection
[10:38:17] 		 Deja connecte
[10:39:20]  Sortie de programme
[10:41:40]  Demmarrage : 0.9.9.0
[10:41:40]  lecture de la configuration
[10:41:40] 	 Test dans la base de registre de  : EXPORTHYDRAS et de la valeur C:\ExportHydras\ProjectExport.exe
[10:41:40] 	 Resultat : False
[10:41:40]  Rafraichissement de la configuration
[10:41:40] 	 Tentative de connection
[10:41:40] 		 Connection OK
[10:41:40] 	 Tentative de connection
[10:41:40] 		 Deja connecte
[10:41:42]  Sortie de programme
[10:51:12]  Demmarrage : 0.9.9.0
[10:51:12]  lecture de la configuration
[10:51:12] 	 Test dans la base de registre de  : EXPORTHYDRAS et de la valeur C:\ExportHydras\ProjectExport.exe
[10:51:12] 	 Resultat : False
[10:51:12]  Rafraichissement de la configuration
[10:51:13] 	 Tentative de connection
[10:51:13] 		 Connection OK
[10:51:13] 	 Tentative de connection
[10:51:13] 		 Deja connecte
[10:51:29]  Sortie de programme
[10:51:43]  Demmarrage : 0.9.9.0
[10:51:43]  lecture de la configuration
[10:51:43] 	 Test dans la base de registre de  : EXPORTHYDRAS et de la valeur C:\ExportHydras\ProjectExport.exe
[10:51:43] 	 Resultat : False
[10:51:43]  Rafraichissement de la configuration
[10:51:44] 	 Tentative de connection
[10:51:44] 		 Connection OK
[10:51:44] 	 Tentative de connection
[10:51:44] 		 Deja connecte
[10:51:54]  Sortie de programme
[10:52:13]  Demmarrage : 0.9.9.0
[10:52:13]  lecture de la configuration
[10:52:13] 	 Test dans la base de registre de  : EXPORTHYDRAS et de la valeur C:\ExportHydras\ProjectExport.exe
[10:52:13] 	 Resultat : False
[10:52:13]  Rafraichissement de la configuration
[10:52:13] 	 Tentative de connection
[10:52:13] 		 Connection OK
[10:52:13] 	 Tentative de connection
[10:52:13] 		 Deja connecte
[10:52:24]  Sortie de programme
[10:52:45]  Demmarrage : 0.9.9.0
[10:52:45]  lecture de la configuration
[10:52:45] 	 Test dans la base de registre de  : EXPORTHYDRAS et de la valeur C:\ExportHydras\ProjectExport.exe
[10:52:45] 	 Resultat : False
[10:52:45]  Rafraichissement de la configuration
[10:52:45] 	 Tentative de connection
[10:52:45] 		 Connection OK
[10:52:45] 	 Tentative de connection
[10:52:45] 		 Deja connecte
[10:53:00]  Sortie de programme
[10:53:08]  Demmarrage : 0.9.9.0
[10:53:08]  lecture de la configuration
[10:53:08] 	 Test dans la base de registre de  : EXPORTHYDRAS et de la valeur C:\ExportHydras\ProjectExport.exe
[10:53:09] 	 Resultat : False
[10:53:09]  Rafraichissement de la configuration
[10:53:09] 	 Tentative de connection
[10:53:09] 		 Connection OK
[10:53:09] 	 Tentative de connection
[10:53:09] 		 Deja connecte
[10:53:42]  Sortie de programme
[11:21:18]  Demmarrage : 0.9.9.0
[11:21:18]  lecture de la configuration
[11:21:18] 	 Test dans la base de registre de  : EXPORTHYDRAS et de la valeur C:\ExportHydras\ProjectExport.exe
[11:21:18] 	 Resultat : False
[11:21:18]  Rafraichissement de la configuration
[11:21:18] 	 Tentative de connection
[11:21:18] 		 Connection OK
[11:21:18] 	 Tentative de connection
[11:21:18] 		 Deja connecte
[11:21:40]  Sortie de programme
[11:31:26]  Demmarrage : 0.9.9.0
[11:31:26]  lecture de la configuration
[11:31:26] 	 Test dans la base de registre de  : EXPORTHYDRAS et de la valeur C:\ExportHydras\ProjectExport.exe
[11:31:26] 	 Resultat : False
[11:31:26]  Rafraichissement de la configuration
[11:31:26] 	 Tentative de connection
[11:31:26] 		 Connection OK
[11:31:26] 	 Tentative de connection
[11:31:26] 		 Deja connecte
[11:31:28]  Sortie de programme
[11:33:48]  Demmarrage : 0.9.9.0
[11:33:48]  lecture de la configuration
[11:33:48] 	 Test dans la base de registre de  : EXPORTHYDRAS et de la valeur C:\ExportHydras\ProjectExport.exe
[11:33:48] 	 Resultat : False
[11:33:48]  Rafraichissement de la configuration
[11:33:48] 	 Tentative de connection
[11:33:48] 		 Connection OK
[11:33:48] 	 Tentative de connection
[11:33:48] 		 Deja connecte
[11:34:09]  Sortie de programme
[11:35:03]  Demmarrage : 0.9.9.0
[11:35:03]  lecture de la configuration
[11:35:03] 	 Test dans la base de registre de  : EXPORTHYDRAS et de la valeur C:\ExportHydras\ProjectExport.exe
[11:35:03] 	 Resultat : False
[11:35:03]  Rafraichissement de la configuration
[11:35:04] 	 Tentative de connection
[11:35:04] 		 Connection OK
[11:35:04] 	 Tentative de connection
[11:35:04] 		 Deja connecte
[11:35:18]  Sortie de programme
[11:39:42]  Demmarrage : 0.9.9.0
[11:39:42]  lecture de la configuration
[11:39:42] 	 Test dans la base de registre de  : EXPORTHYDRAS et de la valeur C:\ExportHydras\ProjectExport.exe
[11:39:42] 	 Resultat : False
[11:39:42]  Rafraichissement de la configuration
[11:39:42] 	 Tentative de connection
[11:39:42] 		 Connection OK
[11:39:42] 	 Tentative de connection
[11:39:42] 		 Deja connecte
[11:39:44]  Sortie de programme
[11:40:12]  Demmarrage : 0.9.9.0
[11:40:12]  lecture de la configuration
[11:40:12] 	 Test dans la base de registre de  : EXPORTHYDRAS et de la valeur C:\ExportHydras\ProjectExport.exe
[11:40:12] 	 Resultat : False
[11:40:12]  Rafraichissement de la configuration
[11:40:12] 	 Tentative de connection
[11:40:12] 		 Connection OK
[11:40:12] 	 Tentative de connection
[11:40:12] 		 Deja connecte
[11:40:25]  Rafraichissement de la configuration
[11:40:25] 	 Tentative de connection
[11:40:25] 		 Connection OK
[11:40:25] 	 Tentative de connection
[11:40:25] 		 Deja connecte
[11:41:25]  Sortie de programme
[11:41:38]  Demmarrage : 0.9.9.0
[11:41:38]  lecture de la configuration
[11:41:38] 	 Test dans la base de registre de  : EXPORTHYDRAS et de la valeur C:\ExportHydras\ProjectExport.exe
[11:41:38] 	 Resultat : False
[11:41:38]  Rafraichissement de la configuration
[11:41:39] 	 Tentative de connection
[11:41:39] 		 Connection OK
[11:41:39] 	 Tentative de connection
[11:41:39] 		 Deja connecte
[11:41:47] 	 Ouverture de la table : C:\Users\mradam\AppData\Local\VirtualStore\Program Files (x86)\OTT\HYDRAS3\WS_DATEI.DB
[11:41:47] 	 Ouverture de la table OK
[11:41:50] 	 Ouverture de la table : C:\EFELE\GB_DATEI.DB
[11:41:50] 	 Ouverture de la table OK
[11:41:55] 	 Ouverture de la table : C:\EFELE\GBM_00.DB
[11:41:55] 	 Ouverture de la table OK
[11:41:57] 	 Ouverture de la table : C:\EFELE\GBM_01.DB
[11:41:57] 	 Ouverture de la table OK
[11:41:59] 	 Ouverture de la table : C:\EFELE\GBM_00.DB
[11:41:59] 	 Ouverture de la table OK
[11:42:00] 	 Ouverture de la table : C:\EFELE\00PRO_B_.P3\SS_DATEI.DB
[11:42:00] 	 Ouverture de la table OK
[11:42:02] 	 Ouverture de la table : C:\EFELE\00PRO_B_.P4\SS_DATEI.DB
[11:42:02] 	 Ouverture de la table OK
[11:42:02] 	 Ouverture de la table : C:\EFELE\00PRO_B_.P5\SS_DATEI.DB
[11:42:02] 	 Ouverture de la table OK
[11:42:04] 	 Ouverture de la table : C:\EFELE\TS-MO_B_.P8\SS_DATEI.DB
[11:42:04] 	 Ouverture de la table OK
[11:42:06] 	 Ouverture de la table : C:\EFELE\TS-MO_B_.P9\SS_DATEI.DB
[11:42:06] 	 Ouverture de la table OK
[11:42:06] 	 Ouverture de la table : C:\EFELE\TSMO_B_P.10\SS_DATEI.DB
[11:42:06] 	 Ouverture de la table OK
[11:42:07] 	 Ouverture de la table : C:\EFELE\EFEL_B_M.ET\SS_DATEI.DB
[11:42:07] 	 Ouverture de la table OK
[11:42:08] 	 Ouverture de la table : C:\EFELE\00PRO_B_.P1\SS_DATEI.DB
[11:42:08] 	 Ouverture de la table OK
[11:42:10] 	 Ouverture de la table : C:\EFELE\00PRO_B_.P4\SS_DATEI.DB
[11:42:10] 	 Ouverture de la table OK
[11:42:54] 	 Ouverture de la table : C:\EFELE\AUTOEXPO.DB
[11:42:54] 	 Ouverture de la table OK
[11:43:53] 	 Ouverture de la table : C:\EFELE\AUTOEXPO.DB
[11:43:53] 		 Table deja ouverte
[11:44:11]  Sortie de programme
[11:44:24]  Demmarrage : 0.9.9.0
[11:44:24]  lecture de la configuration
[11:44:24] 	 Test dans la base de registre de  : EXPORTHYDRAS et de la valeur C:\ExportHydras\ProjectExport.exe
[11:44:24] 	 Resultat : False
[11:44:24]  Rafraichissement de la configuration
[11:44:24] 	 Tentative de connection
[11:44:24] 		 Connection OK
[11:44:24] 	 Tentative de connection
[11:44:24] 		 Deja connecte
[11:44:50]  Sortie de programme
[11:45:07]  Demmarrage : 0.9.9.0
[11:45:07]  lecture de la configuration
[11:45:07] 	 Test dans la base de registre de  : EXPORTHYDRAS et de la valeur C:\ExportHydras\ProjectExport.exe
[11:45:07] 	 Resultat : False
[11:45:07]  Rafraichissement de la configuration
[11:45:08] 	 Tentative de connection
[11:45:08] 		 Connection OK
[11:45:08] 	 Tentative de connection
[11:45:08] 		 Deja connecte
[11:45:19] 	 Tentative de connection
[11:45:19] 		 Deja connecte
[11:45:19] 	 Tentative de connection
[11:45:19] 		 Deja connecte
[11:45:27]  Rafraichissement de la configuration
[11:45:27] 	 Tentative de connection
[11:45:27] 		 Connection OK
[11:45:27] 	 Tentative de connection
[11:45:27] 		 Deja connecte
[11:45:32]  Sortie de programme
[11:49:49]  Demmarrage : 0.9.9.0
[11:49:49]  lecture de la configuration
[11:49:49] 	 Test dans la base de registre de  : EXPORTHYDRAS et de la valeur C:\ExportHydras\ProjectExport.exe
[11:49:49] 	 Resultat : False
[11:49:49]  Rafraichissement de la configuration
[11:49:50] 	 Tentative de connection
[11:49:50] 		 Connection OK
[11:49:50] 	 Tentative de connection
[11:49:50] 		 Deja connecte
[11:49:53] 	 Ouverture de la table : C:\Users\mradam\AppData\Local\VirtualStore\Program Files (x86)\OTT\HYDRAS3\WS_DATEI.DB
[11:49:53] 	 Ouverture de la table OK
[11:49:57] 	 Ouverture de la table : C:\EFELE\GB_DATEI.DB
[11:49:57] 	 Ouverture de la table OK
[11:50:01] 	 Ouverture de la table : C:\EFELE\GBM_00.DB
[11:50:01] 	 Ouverture de la table OK
[11:50:02] 	 Ouverture de la table : C:\EFELE\GBM_01.DB
[11:50:02] 	 Ouverture de la table OK
[11:50:06]  Sortie de programme
[11:54:18]  Demmarrage : 0.9.9.0
[11:54:18]  lecture de la configuration
[11:54:18] 	 Test dans la base de registre de  : EXPORTHYDRAS et de la valeur C:\ExportHydras\ProjectExport.exe
[11:54:18] 	 Resultat : False
[11:54:18]  Rafraichissement de la configuration
[11:54:18] 	 Tentative de connection
[11:54:19] 		 Connection OK
[11:54:19] 	 Tentative de connection
[11:54:19] 		 Deja connecte
[11:54:31]  Sortie de programme
[11:55:40]  Demmarrage : 0.9.9.0
[11:55:40]  lecture de la configuration
[11:55:40] 	 Test dans la base de registre de  : EXPORTHYDRAS et de la valeur C:\ExportHydras\ProjectExport.exe
[11:55:40] 	 Resultat : False
[11:55:40]  Rafraichissement de la configuration
[11:55:40] 	 Tentative de connection
[11:55:40] 		 Connection OK
[11:55:40] 	 Tentative de connection
[11:55:40] 		 Deja connecte
[11:55:47] 	 Ouverture de la table : C:\EFELE\AUTOEXPO.DB
[11:55:48] 	 Ouverture de la table OK
[11:56:16]  Sortie de programme
[11:56:36]  Demmarrage : 0.9.9.0
[11:56:36]  lecture de la configuration
[11:56:36] 	 Test dans la base de registre de  : EXPORTHYDRAS et de la valeur C:\ExportHydras\ProjectExport.exe
[11:56:36] 	 Resultat : False
[11:56:36]  Rafraichissement de la configuration
[11:56:36] 	 Tentative de connection
[11:56:36] 		 Connection OK
[11:56:36] 	 Tentative de connection
[11:56:36] 		 Deja connecte
[11:56:44] 	 Ouverture de la table : C:\EFELE\EXPO000.DB
[11:56:44] 	 Ouverture de la table OK
[11:57:37]  Sortie de programme
[11:58:26]  Demmarrage : 0.9.9.0
[11:58:26]  lecture de la configuration
[11:58:26] 	 Test dans la base de registre de  : EXPORTHYDRAS et de la valeur C:\ExportHydras\ProjectExport.exe
[11:58:26] 	 Resultat : False
[11:58:26]  Rafraichissement de la configuration
[11:58:26] 	 Tentative de connection
[11:58:26] 		 Connection OK
[11:58:26] 	 Tentative de connection
[11:58:26] 		 Deja connecte
[11:58:34] 	 Ouverture de la table : C:\Naizin\EXPO000.DB
[11:58:34] 	 Ouverture de la table OK
[12:00:03]  Sortie de programme
[12:00:38]  Demmarrage : 0.9.9.0
[12:00:38]  lecture de la configuration
[12:00:38] 	 Test dans la base de registre de  : EXPORTHYDRAS et de la valeur C:\ExportHydras\ProjectExport.exe
[12:00:38] 	 Resultat : False
[12:00:38]  Rafraichissement de la configuration
[12:00:39] 	 Tentative de connection
[12:00:39] 		 Connection OK
[12:00:39] 	 Tentative de connection
[12:00:39] 		 Deja connecte
[12:00:45] 	 Ouverture de la table : C:\Naizin\GB_DATEI.DB
[12:00:45] 	 Ouverture de la table OK
[12:00:52]  Sortie de programme
[12:01:17]  Demmarrage : 0.9.9.0
[12:01:17]  lecture de la configuration
[12:01:17] 	 Test dans la base de registre de  : EXPORTHYDRAS et de la valeur C:\ExportHydras\ProjectExport.exe
[12:01:17] 	 Resultat : False
[12:01:17]  Rafraichissement de la configuration
[12:01:18] 	 Tentative de connection
[12:01:18] 		 Connection OK
[12:01:18] 	 Tentative de connection
[12:01:18] 		 Deja connecte
[12:01:28] 	 Ouverture de la table : C:\Naizin\GBM_00.DB
[12:01:28] 	 Fichier non trouvé
[12:01:31] 	 Ouverture de la table : C:\Naizin\GBM_00.DB
[12:01:31] 	 Fichier non trouvé
[12:01:35]  Sortie de programme
[12:02:02]  Demmarrage : 0.9.9.0
[12:02:02]  lecture de la configuration
[12:02:02] 	 Test dans la base de registre de  : EXPORTHYDRAS et de la valeur C:\ExportHydras\ProjectExport.exe
[12:02:02] 	 Resultat : False
[12:02:02]  Rafraichissement de la configuration
[12:02:02] 	 Tentative de connection
[12:02:02] 		 Connection OK
[12:02:02] 	 Tentative de connection
[12:02:02] 		 Deja connecte
[12:02:07] 	 Ouverture de la table : C:\Naizin\MS_DATEI.DB
[12:02:08] 	 Ouverture de la table OK
[12:02:28]  Sortie de programme
[12:02:46]  Demmarrage : 0.9.9.0
[12:02:46]  lecture de la configuration
[12:02:46] 	 Test dans la base de registre de  : EXPORTHYDRAS et de la valeur C:\ExportHydras\ProjectExport.exe
[12:02:46] 	 Resultat : False
[12:02:46]  Rafraichissement de la configuration
[12:02:46] 	 Tentative de connection
[12:02:46] 		 Connection OK
[12:02:46] 	 Tentative de connection
[12:02:46] 		 Deja connecte
[12:02:51] 	 Ouverture de la table : C:\Naizin\MULTICFG.DB
[12:02:51] 	 Ouverture de la table OK
[12:02:59]  Sortie de programme
[12:03:23]  Demmarrage : 0.9.9.0
[12:03:23]  lecture de la configuration
[12:03:23] 	 Test dans la base de registre de  : EXPORTHYDRAS et de la valeur C:\ExportHydras\ProjectExport.exe
[12:03:23] 	 Resultat : False
[12:03:23]  Rafraichissement de la configuration
[12:03:23] 	 Tentative de connection
[12:03:23] 		 Connection OK
[12:03:23] 	 Tentative de connection
[12:03:23] 		 Deja connecte
[12:03:30] 	 Ouverture de la table : C:\Naizin\QUICKCFG3.DB
[12:03:30] 	 Ouverture de la table OK
[12:03:57]  Sortie de programme
[12:05:14]  Demmarrage : 0.9.9.0
[12:05:14]  lecture de la configuration
[12:05:14] 	 Test dans la base de registre de  : EXPORTHYDRAS et de la valeur C:\ExportHydras\ProjectExport.exe
[12:05:14] 	 Resultat : False
[12:05:14]  Rafraichissement de la configuration
[12:05:15] 	 Tentative de connection
[12:05:15] 		 Connection OK
[12:05:15] 	 Tentative de connection
[12:05:15] 		 Deja connecte
[12:05:19] 	 Ouverture de la table : C:\Naizin\EXPO000.DB
[12:05:19] 	 Ouverture de la table OK
[12:05:49]  Sortie de programme
[12:10:29]  Demmarrage : 0.9.9.0
[12:10:29]  lecture de la configuration
[12:10:29] 	 Test dans la base de registre de  : EXPORTHYDRAS et de la valeur C:\ExportHydras\ProjectExport.exe
[12:10:29] 	 Resultat : False
[12:10:29]  Rafraichissement de la configuration
[12:10:29] 	 Tentative de connection
[12:10:29] 		 Connection OK
[12:10:29] 	 Tentative de connection
[12:10:29] 		 Deja connecte
[12:10:34] 	 Ouverture de la table : C:\Naizin\AUTOEXPO.DB
[12:10:34] 	 Ouverture de la table OK
[12:10:58]  Sortie de programme
[12:14:12]  Demmarrage : 0.9.9.0
[12:14:12]  lecture de la configuration
[12:14:12] 	 Test dans la base de registre de  : EXPORTHYDRAS et de la valeur C:\ExportHydras\ProjectExport.exe
[12:14:12] 	 Resultat : False
[12:14:12]  Rafraichissement de la configuration
[12:14:12] 	 Tentative de connection
[12:14:12] 		 Connection OK
[12:14:12] 	 Tentative de connection
[12:14:12] 		 Deja connecte
[12:14:17] 	 Ouverture de la table : C:\Naizin\AUTOEXPO.DB
[12:14:17] 	 Ouverture de la table OK
[12:15:05]  Sortie de programme
[12:16:58]  Demmarrage : 0.9.9.0
[12:16:58]  lecture de la configuration
[12:16:58] 	 Test dans la base de registre de  : EXPORTHYDRAS et de la valeur C:\ExportHydras\ProjectExport.exe
[12:16:58] 	 Resultat : False
[12:16:58]  Rafraichissement de la configuration
[12:16:58] 	 Tentative de connection
[12:16:58] 		 Connection OK
[12:16:58] 	 Tentative de connection
[12:16:58] 		 Deja connecte
[12:17:03] 	 Ouverture de la table : C:\Naizin\AUTOEXPO.DB
[12:17:03] 	 Ouverture de la table OK
[12:17:12]  Sortie de programme
[12:17:41]  Demmarrage : 0.9.9.0
[12:17:41]  lecture de la configuration
[12:17:41] 	 Test dans la base de registre de  : EXPORTHYDRAS et de la valeur C:\ExportHydras\ProjectExport.exe
[12:17:41] 	 Resultat : False
[12:17:41]  Rafraichissement de la configuration
[12:17:41] 	 Tentative de connection
[12:17:41] 		 Connection OK
[12:17:41] 	 Tentative de connection
[12:17:41] 		 Deja connecte
[12:17:48] 	 Ouverture de la table : C:\Naizin\AUTOEXPO.DB
[12:17:48] 	 Ouverture de la table OK
[12:17:56]  Sortie de programme
[12:18:00]  Demmarrage : 0.9.9.0
[12:18:00]  lecture de la configuration
[12:18:00] 	 Test dans la base de registre de  : EXPORTHYDRAS et de la valeur C:\ExportHydras\ProjectExport.exe
[12:18:00] 	 Resultat : False
[12:18:00]  Rafraichissement de la configuration
[12:18:00] 	 Tentative de connection
[12:18:00] 		 Connection OK
[12:18:00] 	 Tentative de connection
[12:18:00] 		 Deja connecte
[12:18:06] 	 Ouverture de la table : C:\Naizin\AUTOEXPO.DB
[12:18:06] 	 Ouverture de la table OK
[12:18:11]  Sortie de programme
[12:22:12]  Demmarrage : 0.9.9.0
[12:22:12]  lecture de la configuration
[12:22:12] 	 Test dans la base de registre de  : EXPORTHYDRAS et de la valeur C:\ExportHydras\ProjectExport.exe
[12:22:12] 	 Resultat : False
[12:22:12]  Rafraichissement de la configuration
[12:22:12] 	 Tentative de connection
[12:22:12] 		 Connection OK
[12:22:12] 	 Tentative de connection
[12:22:12] 		 Deja connecte
[12:22:14]  Sortie de programme
[12:22:34]  Demmarrage : 0.9.9.0
[12:22:34]  lecture de la configuration
[12:22:34] 	 Test dans la base de registre de  : EXPORTHYDRAS et de la valeur C:\ExportHydras\ProjectExport.exe
[12:22:34] 	 Resultat : False
[12:22:34]  Rafraichissement de la configuration
[12:22:34] 	 Tentative de connection
[12:22:34] 		 Connection OK
[12:22:34] 	 Tentative de connection
[12:22:34] 		 Deja connecte
[12:22:39] 	 Ouverture de la table : C:\Naizin\AUTOEXPO.DB
[12:22:40] 	 Ouverture de la table OK
[12:22:40] 	 Ouverture de la table : C:\Naizin\EXPO001.DB
[12:22:40] 	 Ouverture de la table OK
[14:33:16]  Sortie de programme
