[11:04:50]  Demmarrage : version.dll
[11:04:50]  lecture de la configuration
[11:04:50]  Rafraichissement de la configuration
[11:04:51] 	 Tentative de connection
[11:04:51] 		 Connection OK
[11:04:51] 	 Tentative de connection
[11:04:51] 		 Deja connecte
[11:04:53]  Sortie de programme
[11:25:47]  Demmarrage : version.dll
[11:25:47]  lecture de la configuration
[11:25:47]  Rafraichissement de la configuration
[11:25:47] 	 Tentative de connection
[11:25:47] 		 Connection OK
[11:25:47] 	 Tentative de connection
[11:25:47] 		 Deja connecte
[11:25:50]  Sortie de programme
[11:33:22]  Demmarrage : version.dll
[11:33:22]  lecture de la configuration
[11:33:22]  Rafraichissement de la configuration
[11:33:22] 	 Tentative de connection
[11:33:23] 		 Connection OK
[11:33:23] 	 Tentative de connection
[11:33:23] 		 Deja connecte
[11:33:29]  Sortie de programme
[11:33:36]  Demmarrage : version.dll
[11:33:36]  lecture de la configuration
[11:33:36]  Rafraichissement de la configuration
[11:33:36] 	 Tentative de connection
[11:33:36] 		 Connection OK
[11:33:36] 	 Tentative de connection
[11:33:36] 		 Deja connecte
[11:33:46]  Sortie de programme
[11:33:48]  Demmarrage : version.dll
[11:33:48]  lecture de la configuration
[11:33:48]  Rafraichissement de la configuration
[11:33:48] 	 Tentative de connection
[11:33:48] 		 Connection OK
[11:33:48] 	 Tentative de connection
[11:33:48] 		 Deja connecte
[11:33:54]  Sortie de programme
[11:33:56]  Demmarrage : version.dll
[11:33:56]  lecture de la configuration
[11:33:56]  Rafraichissement de la configuration
[11:33:56] 	 Tentative de connection
[11:33:57] 		 Connection OK
[11:33:57] 	 Tentative de connection
[11:33:57] 		 Deja connecte
[11:33:59]  Sortie de programme
[11:34:15]  Demmarrage : version.dll
[11:34:15]  lecture de la configuration
[11:34:15]  Rafraichissement de la configuration
[11:34:15] 	 Tentative de connection
[11:34:15] 		 Connection OK
[11:34:15] 	 Tentative de connection
[11:34:15] 		 Deja connecte
[11:34:18]  Sortie de programme
[11:34:23]  Demmarrage : version.dll
[11:34:23]  lecture de la configuration
[11:34:23]  Rafraichissement de la configuration
[11:34:23] 	 Tentative de connection
[11:34:23] 		 Connection OK
[11:34:23] 	 Tentative de connection
[11:34:23] 		 Deja connecte
[11:34:27]  Sortie de programme
[11:35:02]  Demmarrage : version.dll
[11:35:02]  lecture de la configuration
[11:35:02]  Rafraichissement de la configuration
[11:35:02] 	 Tentative de connection
[11:35:02] 		 Connection OK
[11:35:02] 	 Tentative de connection
[11:35:02] 		 Deja connecte
[11:35:07]  Sortie de programme
[11:37:27]  Demmarrage : version.dll
[11:37:27]  lecture de la configuration
[11:37:27]  Rafraichissement de la configuration
[11:37:28] 	 Tentative de connection
[11:37:28] 		 Connection OK
[11:37:28] 	 Tentative de connection
[11:37:28] 		 Deja connecte
[11:37:32]  Sortie de programme
[11:37:50]  Demmarrage : version.dll
[11:37:50]  lecture de la configuration
[11:37:50]  Rafraichissement de la configuration
[11:37:50] 	 Tentative de connection
[11:37:50] 		 Connection OK
[11:37:50] 	 Tentative de connection
[11:37:50] 		 Deja connecte
[11:37:53]  Sortie de programme
[11:37:55]  Demmarrage : version.dll
[11:37:55]  lecture de la configuration
[11:37:55]  Rafraichissement de la configuration
[11:37:55] 	 Tentative de connection
[11:37:55] 		 Connection OK
[11:37:55] 	 Tentative de connection
[11:37:55] 		 Deja connecte
[11:37:58]  Sortie de programme
[11:39:57]  Demmarrage : version.dll
[11:39:57]  lecture de la configuration
[11:39:57]  Rafraichissement de la configuration
[11:39:57] 	 Tentative de connection
[11:39:57] 		 Connection OK
[11:39:57] 	 Tentative de connection
[11:39:57] 		 Deja connecte
[11:40:00]  Sortie de programme
[11:40:27]  Demmarrage : version.dll
[11:40:27]  lecture de la configuration
[11:40:27]  Rafraichissement de la configuration
[11:40:27] 	 Tentative de connection
[11:40:27] 		 Connection OK
[11:40:27] 	 Tentative de connection
[11:40:27] 		 Deja connecte
[11:40:30]  Sortie de programme
[11:44:14]  Demmarrage : 0.9.9.0
[11:44:14]  lecture de la configuration
[11:44:14]  Rafraichissement de la configuration
[11:44:14] 	 Tentative de connection
[11:44:14] 		 Connection OK
[11:44:14] 	 Tentative de connection
[11:44:14] 		 Deja connecte
[11:44:17]  Sortie de programme
[15:12:17]  Demmarrage : 0.9.9.0
[15:12:17]  lecture de la configuration
[15:12:17]  Rafraichissement de la configuration
[15:12:17] 	 Tentative de connection
[15:12:17] 		 Connection OK
[15:12:17] 	 Tentative de connection
[15:12:17] 		 Deja connecte
[15:12:30]  Sortie de programme
[15:15:00]  Demmarrage : 0.9.9.0
[15:15:00]  lecture de la configuration
[15:15:00]  Rafraichissement de la configuration
[15:15:01] 	 Tentative de connection
[15:15:01] 		 Connection OK
[15:15:01] 	 Tentative de connection
[15:15:01] 		 Deja connecte
[15:15:03]  Sortie de programme
[15:15:19]  Demmarrage : 0.9.9.0
[15:15:19]  lecture de la configuration
[15:15:19]  Rafraichissement de la configuration
[15:15:19] 	 Tentative de connection
[15:15:19] 		 Connection OK
[15:15:19] 	 Tentative de connection
[15:15:19] 		 Deja connecte
[15:15:33]  Lecture des stations pour : C:\Naizin\
[15:15:33] 	 Ouverture de la table : C:\Naizin\GB_DATEI.DB
[15:15:33] 	 Ouverture de la table : C:\Naizin\GBM_02.DB
[15:15:33] 	 Ouverture de la table : C:\Naizin\KERR_B_P.K1\SS_DATEI.DB
[15:15:33] 	 Ouverture de la table : C:\Naizin\KERR_B_P.K2\SS_DATEI.DB
[15:15:33] 	 Ouverture de la table : C:\Naizin\KERR_B_P.K3\SS_DATEI.DB
[15:15:34] 	 Ouverture de la table : C:\Naizin\KERR_B_P.K4\SS_DATEI.DB
[15:15:34] 	 Ouverture de la table : C:\Naizin\KERR_B_P.K5\SS_DATEI.DB
[15:15:34] 	 Ouverture de la table : C:\Naizin\KERR_B_P.K6\SS_DATEI.DB
[15:15:34] 	 Ouverture de la table : C:\Naizin\GUER_B_P.G1\SS_DATEI.DB
[15:15:34] 	 Ouverture de la table : C:\Naizin\GUER_B_P.G2\SS_DATEI.DB
[15:15:34] 	 Ouverture de la table : C:\Naizin\GUER_B_P.G3\SS_DATEI.DB
[15:15:34] 	 Ouverture de la table : C:\Naizin\GUER_B_P.G4\SS_DATEI.DB
[15:15:34] 	 Ouverture de la table : C:\Naizin\GUER_B_P.G5\SS_DATEI.DB
[15:15:34] 	 Ouverture de la table : C:\Naizin\GUER_B_P.G6\SS_DATEI.DB
[15:15:34] 	 Ouverture de la table : C:\Naizin\KERV_B_E.XU\SS_DATEI.DB
[15:15:34] 	 Ouverture de la table : C:\Naizin\FOUR_B_P.F1\SS_DATEI.DB
[15:15:34] 	 Ouverture de la table : C:\Naizin\FOUR_B_P.F2\SS_DATEI.DB
[15:15:34] 	 Ouverture de la table : C:\Naizin\FOUR_B_P.F3\SS_DATEI.DB
[15:15:34] 	 Ouverture de la table : C:\Naizin\TOUL_B_M.ET\SS_DATEI.DB
[15:15:34] 	 Ouverture de la table : C:\Naizin\GBM_03.DB
[15:15:34] 	 Ouverture de la table : C:\Naizin\KERV_C_E.XU\SS_DATEI.DB
[15:15:34] 	 Ouverture de la table : C:\Naizin\KERR_C_P.K1\SS_DATEI.DB
[15:15:34] 	 Ouverture de la table : C:\Naizin\KERR_C_P.K2\SS_DATEI.DB
[15:15:34] 	 Ouverture de la table : C:\Naizin\KERR_C_P.K3\SS_DATEI.DB
[15:15:34] 	 Ouverture de la table : C:\Naizin\KERR_C_P.K4\SS_DATEI.DB
[15:15:34] 	 Ouverture de la table : C:\Naizin\GUER_C_P.G2\SS_DATEI.DB
[15:15:34] 	 Ouverture de la table : C:\Naizin\GUER_C_P.G3\SS_DATEI.DB
[15:15:34] 	 Ouverture de la table : C:\Naizin\GUER_C_P.G4\SS_DATEI.DB
[15:15:34] 	 Ouverture de la table : C:\Naizin\GUER_C_P.G5\SS_DATEI.DB
[15:15:34] 	 Ouverture de la table : C:\Naizin\GUER_C_P.G6\SS_DATEI.DB
[15:15:34] 	 Ouverture de la table : C:\Naizin\GUER_C_P.G1\SS_DATEI.DB
[15:15:34] 	 Ouverture de la table : C:\Naizin\GBM_01.DB
[15:15:34] 	 Ouverture de la table : C:\Naizin\00002MET.EO\SS_DATEI.DB
[15:15:34] 	 Ouverture de la table : C:\Naizin\GBM_04.DB
[15:15:34] 	 Ouverture de la table : C:\Naizin\KERV_E_E.XU\SS_DATEI.DB
[15:15:34] 	 Ouverture de la table : C:\Naizin\GBM_06.DB
[15:15:34] 	 Ouverture de la table : C:\Naizin\GUER_V_P.G1\SS_DATEI.DB
[15:15:34] 	 Ouverture de la table : C:\Naizin\GUER_V_P.G2\SS_DATEI.DB
[15:15:34] 	 Ouverture de la table : C:\Naizin\GUER_V_P.G3\SS_DATEI.DB
[15:15:34] 	 Ouverture de la table : C:\Naizin\GUER_V_P.G4\SS_DATEI.DB
[15:15:34] 	 Ouverture de la table : C:\Naizin\GUER_V_P.G5\SS_DATEI.DB
[15:15:34] 	 Ouverture de la table : C:\Naizin\GUER_V_P.G6\SS_DATEI.DB
[15:15:34] 	 Ouverture de la table : C:\Naizin\KERR_V_P.K2\SS_DATEI.DB
[15:15:34] 	 Ouverture de la table : C:\Naizin\KERR_V_P.K3\SS_DATEI.DB
[15:15:34] 	 Ouverture de la table : C:\Naizin\KERR_V_P.K4\SS_DATEI.DB
[15:15:34] 	 Ouverture de la table : C:\Naizin\KERV_V_E.XU\SS_DATEI.DB
[15:15:34] 	 Ouverture de la table : C:\Naizin\KERR_V_P.K1\SS_DATEI.DB
[15:15:34] 	 Ouverture de la table : C:\Naizin\AUTOEXPO.DB
[15:15:34] 	 Ouverture de la table : C:\Naizin\EXPO001.DB
[15:15:41]  Sortie de programme
[15:45:20]  Demmarrage : 0.9.9.0
[15:45:20]  lecture de la configuration
[15:45:20]  Rafraichissement de la configuration
[15:45:20] 	 Tentative de connection
[15:45:20] 		 Connection OK
[15:45:20] 	 Tentative de connection
[15:45:20] 		 Deja connecte
[15:46:08]  sauvegarde de la configuration
[15:46:10]  Sortie de programme
[15:46:12]  Demmarrage : 0.9.9.0
[15:46:12]  lecture de la configuration
[15:46:12]  Rafraichissement de la configuration
[15:46:12] 	 Tentative de connection
[15:46:12] 		 Connection OK
[15:46:12] 	 Tentative de connection
[15:46:12] 		 Deja connecte
[15:46:23]  Sortie de programme
[15:46:33]  Demmarrage : 0.9.9.0
[15:46:33]  lecture de la configuration
[15:46:33]  Rafraichissement de la configuration
[15:46:33] 	 Tentative de connection
[15:46:33] 		 Connection OK
[15:46:33] 	 Tentative de connection
[15:46:33] 		 Deja connecte
[15:57:22]  Demmarrage : 0.9.9.0
[15:57:22]  lecture de la configuration
[15:57:22]  Rafraichissement de la configuration
[15:57:22] 	 Tentative de connection
[15:57:22] 		 Connection OK
[15:57:22] 	 Tentative de connection
[15:57:22] 		 Deja connecte
[15:57:27]  Sortie de programme
[15:59:49]  Demmarrage : 0.9.9.0
[15:59:49]  lecture de la configuration
[15:59:49]  Rafraichissement de la configuration
[15:59:49] 	 Tentative de connection
[15:59:50] 		 Connection OK
[15:59:50] 	 Tentative de connection
[15:59:50] 		 Deja connecte
[16:00:06]  Sortie de programme
[16:01:55]  Demmarrage : 0.9.9.0
[16:01:55]  lecture de la configuration
[16:01:55]  Rafraichissement de la configuration
[16:01:55] 	 Tentative de connection
[16:01:55] 		 Connection OK
[16:01:55] 	 Tentative de connection
[16:01:55] 		 Deja connecte
[16:02:04]  Sortie de programme
[16:04:03]  Demmarrage : 0.9.9.0
[16:04:03]  lecture de la configuration
[16:04:03]  Rafraichissement de la configuration
[16:04:03] 	 Tentative de connection
[16:04:03] 		 Connection OK
[16:04:03] 	 Tentative de connection
[16:04:03] 		 Deja connecte
[16:06:23]  Sortie de programme
[16:06:28]  Demmarrage : 0.9.9.0
[16:06:28]  lecture de la configuration
[16:06:28]  Rafraichissement de la configuration
[16:06:28] 	 Tentative de connection
[16:06:28] 		 Connection OK
[16:06:28] 	 Tentative de connection
[16:06:28] 		 Deja connecte
[16:06:39]  Sortie de programme
[16:07:09]  Demmarrage : 0.9.9.0
[16:07:09]  lecture de la configuration
[16:07:09]  Rafraichissement de la configuration
[16:07:09] 	 Tentative de connection
[16:07:09] 		 Connection OK
[16:07:09] 	 Tentative de connection
[16:07:09] 		 Deja connecte
[16:07:15]  Sortie de programme
[16:09:24]  Demmarrage : 0.9.9.0
[16:09:24]  lecture de la configuration
[16:09:24]  Rafraichissement de la configuration
[16:09:24] 	 Tentative de connection
[16:09:24] 		 Connection OK
[16:09:24] 	 Tentative de connection
[16:09:24] 		 Deja connecte
[16:09:31]  Sortie de programme
[16:09:47]  Demmarrage : 0.9.9.0
[16:09:47]  lecture de la configuration
[16:09:47]  Rafraichissement de la configuration
[16:09:47] 	 Tentative de connection
[16:09:47] 		 Connection OK
[16:09:47] 	 Tentative de connection
[16:09:47] 		 Deja connecte
[16:09:54]  Sortie de programme
[16:12:18]  Demmarrage : 0.9.9.0
[16:12:18]  lecture de la configuration
[16:12:22]  Rafraichissement de la configuration
[16:12:23] 	 Tentative de connection
[16:12:23] 		 Connection OK
[16:12:23] 	 Tentative de connection
[16:12:23] 		 Deja connecte
[16:12:25]  Sortie de programme
[16:15:20]  Demmarrage : 0.9.9.0
[16:15:20]  lecture de la configuration
[16:15:20]  Rafraichissement de la configuration
[16:15:42]  Demmarrage : 0.9.9.0
[16:15:42]  lecture de la configuration
[16:15:42]  Rafraichissement de la configuration
[16:16:17]  Demmarrage : 0.9.9.0
[16:16:17]  lecture de la configuration
[16:16:17]  Rafraichissement de la configuration
[16:17:14]  Demmarrage : 0.9.9.0
[16:17:14]  lecture de la configuration
[16:17:14]  Rafraichissement de la configuration
[16:17:16] 	 Activation surveillance de : C:\export
[16:17:16] 	 Tentative de connection
[16:17:17] 		 Connection OK
[16:17:17] 	 Tentative de connection
[16:17:17] 		 Deja connecte
[16:17:50]  Nouveau Fichier : C:\export\config.ini
[16:17:50]  Modification Fichier : C:\export\config.ini
[16:18:26]  Sortie de programme
[16:18:26] 	 Arret de la surveillance de : C:\export
[16:19:31]  Demmarrage : 0.9.9.0
[16:19:31]  lecture de la configuration
[16:19:31]  Rafraichissement de la configuration
[16:19:34] 	 Activation surveillance de : C:\export
[16:19:34] 	 Tentative de connection
[16:19:34] 		 Connection OK
[16:19:34] 	 Tentative de connection
[16:19:34] 		 Deja connecte
[16:19:37]  Sortie de programme
[16:19:37] 	 Arret de la surveillance de : C:\export
[16:20:06]  Demmarrage : 0.9.9.0
[16:20:06]  lecture de la configuration
[16:20:06]  Rafraichissement de la configuration
[16:20:08] 	 Activation surveillance de : C:\export
[16:20:08] 	 Tentative de connection
[16:20:08] 		 Connection OK
[16:20:08] 	 Tentative de connection
[16:20:08] 		 Deja connecte
[16:20:10]  Sortie de programme
[16:20:10] 	 Arret de la surveillance de : C:\export
[16:20:33]  Demmarrage : 0.9.9.0
[16:20:33]  lecture de la configuration
[16:20:33]  Rafraichissement de la configuration
[16:20:36] 	 Activation surveillance de : C:\export
[16:20:36] 	 Tentative de connection
[16:20:36] 		 Connection OK
[16:20:36] 	 Tentative de connection
[16:20:36] 		 Deja connecte
[16:20:38]  Sortie de programme
[16:23:42]  Demmarrage : 0.9.9.0
[16:23:42]  lecture de la configuration
[16:23:42]  Rafraichissement de la configuration
[16:23:43] 	 Activation surveillance de : C:\export
[16:23:43] 	 Tentative de connection
[16:23:43] 		 Connection OK
[16:23:43] 	 Tentative de connection
[16:23:43] 		 Deja connecte
[16:23:57]  Sortie de programme
[16:24:42]  Demmarrage : 0.9.9.0
[16:24:42]  lecture de la configuration
[16:24:42]  Rafraichissement de la configuration
[16:24:42] 	 Activation surveillance de : C:\export
[16:24:42] 	 Tentative de connection
[16:24:42] 		 Connection OK
[16:24:42] 	 Tentative de connection
[16:24:42] 		 Deja connecte
[16:25:07]  Sortie de programme
[16:25:36]  Demmarrage : 0.9.9.0
[16:25:36]  lecture de la configuration
[16:25:36]  Rafraichissement de la configuration
[16:25:36] 	 Activation surveillance de : C:\export
[16:25:36] 	 Tentative de connection
[16:25:36] 		 Connection OK
[16:25:36] 	 Tentative de connection
[16:25:36] 		 Deja connecte
[16:25:49]  Sortie de programme
[16:26:01]  Demmarrage : 0.9.9.0
[16:26:01]  lecture de la configuration
[16:26:01]  Rafraichissement de la configuration
[16:26:01] 	 Activation surveillance de : C:\export
[16:26:01] 	 Tentative de connection
[16:26:01] 		 Connection OK
[16:26:01] 	 Tentative de connection
[16:26:01] 		 Deja connecte
[16:26:38]  Demmarrage : 0.9.9.0
[16:26:38]  lecture de la configuration
[16:26:38]  Rafraichissement de la configuration
[16:26:38] 	 Activation surveillance de : C:\export
[16:26:38] 	 Tentative de connection
[16:26:39] 		 Connection OK
[16:26:39] 	 Tentative de connection
[16:26:39] 		 Deja connecte
[16:26:52]  Sortie de programme
[16:41:29]  Demmarrage : 0.9.9.0
[16:41:29]  lecture de la configuration
[16:41:29]  Rafraichissement de la configuration
[16:41:30] 	 Activation surveillance de : C:\export
[16:41:30] 	 Tentative de connection
[16:41:30] 		 Connection OK
[16:41:30] 	 Tentative de connection
[16:41:30] 		 Deja connecte
[16:41:45]  Sortie de programme
[17:39:13]  Demmarrage : 0.9.9.0
[17:39:13]  lecture de la configuration
[17:39:13]  Rafraichissement de la configuration
[17:39:14] 	 Tentative de connection
[17:39:14] 		 Connection OK
[17:39:14] 	 Tentative de connection
[17:39:14] 		 Deja connecte
[17:39:19]  Sortie de programme
[17:40:30]  Demmarrage : 0.9.9.0
[17:40:30]  lecture de la configuration
[17:40:30]  Rafraichissement de la configuration
[17:40:30] 	 Tentative de connection
[17:40:30] 		 Connection OK
[17:40:30] 	 Tentative de connection
[17:40:30] 		 Deja connecte
[17:40:41]  Sortie de programme
[17:41:49]  Demmarrage : 0.9.9.0
[17:41:49]  lecture de la configuration
[17:41:49]  Rafraichissement de la configuration
[17:41:49] 	 Tentative de connection
[17:41:49] 		 Connection OK
[17:41:49] 	 Tentative de connection
[17:41:49] 		 Deja connecte
[17:41:53]  Sortie de programme
[17:44:28]  Demmarrage : 0.9.9.0
[17:44:28]  lecture de la configuration
[17:44:28]  Rafraichissement de la configuration
[17:44:28] 	 Activation surveillance de : C:\export
[17:44:28] 	 Tentative de connection
[17:44:28] 		 Connection OK
[17:44:28] 	 Tentative de connection
[17:44:28] 		 Deja connecte
[17:44:33]  Sortie de programme
[17:45:46]  Demmarrage : 0.9.9.0
[17:45:46]  lecture de la configuration
[17:45:46]  Rafraichissement de la configuration
[17:45:47] 	 Activation surveillance de : C:\export
[17:45:47] 	 Tentative de connection
[17:45:47] 		 Connection OK
[17:45:47] 	 Tentative de connection
[17:45:47] 		 Deja connecte
[17:45:55] 	 Arret de la surveillance de : C:\export
[17:46:00]  Sortie de programme
[17:46:49]  Demmarrage : 0.9.9.0
[17:46:49]  lecture de la configuration
[17:46:49]  Rafraichissement de la configuration
[17:46:49] 	 Activation surveillance de : C:\export
[17:46:49] 	 Tentative de connection
[17:46:49] 		 Connection OK
[17:46:49] 	 Tentative de connection
[17:46:49] 		 Deja connecte
[17:46:52] 	 Arret de la surveillance de : C:\export
[17:47:05]  Sortie de programme
[17:48:08]  Demmarrage : 0.9.9.0
[17:48:08]  lecture de la configuration
[17:48:08]  Rafraichissement de la configuration
[17:48:08] 	 Activation surveillance de : C:\export
[17:48:08] 	 Tentative de connection
[17:48:08] 		 Connection OK
[17:48:08] 	 Tentative de connection
[17:48:08] 		 Deja connecte
[17:48:20]  Sortie de programme
[17:49:34]  Demmarrage : 0.9.9.0
[17:49:34]  lecture de la configuration
[17:49:34]  Rafraichissement de la configuration
[17:49:34] 	 Activation surveillance de : C:\export
[17:49:34] 	 Tentative de connection
[17:49:34] 		 Connection OK
[17:49:34] 	 Tentative de connection
[17:49:34] 		 Deja connecte
[17:49:42] 	 Arret de la surveillance de : C:\export
[17:49:46]  sauvegarde de la configuration
[17:49:48]  Sortie de programme
[17:52:56]  Demmarrage : 0.9.9.0
[17:52:56]  lecture de la configuration
[17:52:56]  Rafraichissement de la configuration
[17:52:57] 	 Activation surveillance de : C:\export
[17:52:57] 	 Tentative de connection
[17:52:57] 		 Connection OK
[17:52:57] 	 Tentative de connection
[17:52:57] 		 Deja connecte
[17:53:00] 	 Arret de la surveillance de : C:\export
[17:53:04]  sauvegarde de la configuration
[17:53:04]  Rafraichissement de la configuration
[17:53:04] 	 Activation surveillance de : C:\export
[17:53:04] 	 Tentative de connection
[17:53:04] 		 Connection OK
[17:53:04] 	 Tentative de connection
[17:53:04] 		 Deja connecte
[17:53:09] 	 Arret de la surveillance de : C:\export
[17:53:11]  Rafraichissement de la configuration
[17:53:11] 	 Activation surveillance de : C:\export
[17:53:11] 	 Tentative de connection
[17:53:11] 		 Connection OK
[17:53:11] 	 Tentative de connection
[17:53:11] 		 Deja connecte
[17:57:09]  Demmarrage : 0.9.9.0
[17:57:09]  lecture de la configuration
[17:57:09]  Rafraichissement de la configuration
[17:57:09] 	 Activation surveillance de : C:\export
[17:57:09] 	 Tentative de connection
[17:57:10] 		 Connection OK
[17:57:10] 	 Tentative de connection
[17:57:10] 		 Deja connecte
[17:57:14] 	 Arret de la surveillance de : C:\export
[17:57:21]  lecture de la configuration
[17:57:21]  Rafraichissement de la configuration
[17:57:21] 	 Activation surveillance de : C:\export
[17:57:21] 	 Tentative de connection
[17:57:21] 		 Connection OK
[17:57:21] 	 Tentative de connection
[17:57:21] 		 Deja connecte
[17:57:46] 	 Arret de la surveillance de : C:\export
[17:57:53]  Lecture des stations pour : C:\Naizin\
[17:57:53] 	 Ouverture de la table : C:\Naizin\GB_DATEI.DB
[17:57:53] 	 Ouverture de la table : C:\Naizin\GBM_02.DB
[17:57:53] 	 Ouverture de la table : C:\Naizin\KERR_B_P.K1\SS_DATEI.DB
[17:57:53] 	 Ouverture de la table : C:\Naizin\KERR_B_P.K2\SS_DATEI.DB
[17:57:53] 	 Ouverture de la table : C:\Naizin\KERR_B_P.K3\SS_DATEI.DB
[17:57:53] 	 Ouverture de la table : C:\Naizin\KERR_B_P.K4\SS_DATEI.DB
[17:57:53] 	 Ouverture de la table : C:\Naizin\KERR_B_P.K5\SS_DATEI.DB
[17:57:53] 	 Ouverture de la table : C:\Naizin\KERR_B_P.K6\SS_DATEI.DB
[17:57:53] 	 Ouverture de la table : C:\Naizin\GUER_B_P.G1\SS_DATEI.DB
[17:57:53] 	 Ouverture de la table : C:\Naizin\GUER_B_P.G2\SS_DATEI.DB
[17:57:53] 	 Ouverture de la table : C:\Naizin\GUER_B_P.G3\SS_DATEI.DB
[17:57:53] 	 Ouverture de la table : C:\Naizin\GUER_B_P.G4\SS_DATEI.DB
[17:57:53] 	 Ouverture de la table : C:\Naizin\GUER_B_P.G5\SS_DATEI.DB
[17:57:53] 	 Ouverture de la table : C:\Naizin\GUER_B_P.G6\SS_DATEI.DB
[17:57:53] 	 Ouverture de la table : C:\Naizin\KERV_B_E.XU\SS_DATEI.DB
[17:57:53] 	 Ouverture de la table : C:\Naizin\FOUR_B_P.F1\SS_DATEI.DB
[17:57:53] 	 Ouverture de la table : C:\Naizin\FOUR_B_P.F2\SS_DATEI.DB
[17:57:53] 	 Ouverture de la table : C:\Naizin\FOUR_B_P.F3\SS_DATEI.DB
[17:57:53] 	 Ouverture de la table : C:\Naizin\TOUL_B_M.ET\SS_DATEI.DB
[17:57:53] 	 Ouverture de la table : C:\Naizin\GBM_03.DB
[17:57:53] 	 Ouverture de la table : C:\Naizin\KERV_C_E.XU\SS_DATEI.DB
[17:57:53] 	 Ouverture de la table : C:\Naizin\KERR_C_P.K1\SS_DATEI.DB
[17:57:53] 	 Ouverture de la table : C:\Naizin\KERR_C_P.K2\SS_DATEI.DB
[17:57:53] 	 Ouverture de la table : C:\Naizin\KERR_C_P.K3\SS_DATEI.DB
[17:57:53] 	 Ouverture de la table : C:\Naizin\KERR_C_P.K4\SS_DATEI.DB
[17:57:53] 	 Ouverture de la table : C:\Naizin\GUER_C_P.G2\SS_DATEI.DB
[17:57:53] 	 Ouverture de la table : C:\Naizin\GUER_C_P.G3\SS_DATEI.DB
[17:57:53] 	 Ouverture de la table : C:\Naizin\GUER_C_P.G4\SS_DATEI.DB
[17:57:53] 	 Ouverture de la table : C:\Naizin\GUER_C_P.G5\SS_DATEI.DB
[17:57:53] 	 Ouverture de la table : C:\Naizin\GUER_C_P.G6\SS_DATEI.DB
[17:57:53] 	 Ouverture de la table : C:\Naizin\GUER_C_P.G1\SS_DATEI.DB
[17:57:53] 	 Ouverture de la table : C:\Naizin\GBM_01.DB
[17:57:53] 	 Ouverture de la table : C:\Naizin\00002MET.EO\SS_DATEI.DB
[17:57:53] 	 Ouverture de la table : C:\Naizin\GBM_04.DB
[17:57:53] 	 Ouverture de la table : C:\Naizin\KERV_E_E.XU\SS_DATEI.DB
[17:57:53] 	 Ouverture de la table : C:\Naizin\GBM_06.DB
[17:57:53] 	 Ouverture de la table : C:\Naizin\GUER_V_P.G1\SS_DATEI.DB
[17:57:53] 	 Ouverture de la table : C:\Naizin\GUER_V_P.G2\SS_DATEI.DB
[17:57:53] 	 Ouverture de la table : C:\Naizin\GUER_V_P.G3\SS_DATEI.DB
[17:57:53] 	 Ouverture de la table : C:\Naizin\GUER_V_P.G4\SS_DATEI.DB
[17:57:53] 	 Ouverture de la table : C:\Naizin\GUER_V_P.G5\SS_DATEI.DB
[17:57:53] 	 Ouverture de la table : C:\Naizin\GUER_V_P.G6\SS_DATEI.DB
[17:57:53] 	 Ouverture de la table : C:\Naizin\KERR_V_P.K2\SS_DATEI.DB
[17:57:53] 	 Ouverture de la table : C:\Naizin\KERR_V_P.K3\SS_DATEI.DB
[17:57:53] 	 Ouverture de la table : C:\Naizin\KERR_V_P.K4\SS_DATEI.DB
[17:57:53] 	 Ouverture de la table : C:\Naizin\KERV_V_E.XU\SS_DATEI.DB
[17:57:53] 	 Ouverture de la table : C:\Naizin\KERR_V_P.K1\SS_DATEI.DB
[17:57:53] 	 Ouverture de la table : C:\Naizin\AUTOEXPO.DB
[17:57:54] 	 Ouverture de la table : C:\Naizin\EXPO001.DB
[17:57:56]  Lecture des stations pour : C:\EFELE\
[17:57:56] 	 Ouverture de la table : C:\EFELE\GB_DATEI.DB
[17:57:56] 	 Ouverture de la table : C:\EFELE\GBM_00.DB
[17:57:56] 	 Ouverture de la table : C:\EFELE\00PRO_B_.P3\SS_DATEI.DB
[17:57:56] 	 Ouverture de la table : C:\EFELE\00PRO_B_.P4\SS_DATEI.DB
[17:57:56] 	 Ouverture de la table : C:\EFELE\00PRO_B_.P5\SS_DATEI.DB
[17:57:56] 	 Ouverture de la table : C:\EFELE\TS-MO_B_.P7\SS_DATEI.DB
[17:57:56] 	 Ouverture de la table : C:\EFELE\TS-MO_B_.P8\SS_DATEI.DB
[17:57:56] 	 Ouverture de la table : C:\EFELE\TS-MO_B_.P9\SS_DATEI.DB
[17:57:56] 	 Ouverture de la table : C:\EFELE\TSMO_B_P.10\SS_DATEI.DB
[17:57:56] 	 Ouverture de la table : C:\EFELE\EFEL_B_M.ET\SS_DATEI.DB
[17:57:56] 	 Ouverture de la table : C:\EFELE\00PRO_B_.P1\SS_DATEI.DB
[17:57:56] 	 Ouverture de la table : C:\EFELE\00PRO_B_.P2\SS_DATEI.DB
[17:57:56] 	 Ouverture de la table : C:\EFELE\GBM_01.DB
[17:57:56] 	 Ouverture de la table : C:\EFELE\00PRO_C_.P3\SS_DATEI.DB
[17:57:56] 	 Ouverture de la table : C:\EFELE\00PRO_C_.P4\SS_DATEI.DB
[17:57:56] 	 Ouverture de la table : C:\EFELE\00PRO_C_.P5\SS_DATEI.DB
[17:57:56] 	 Ouverture de la table : C:\EFELE\TS-MO_C_.P7\SS_DATEI.DB
[17:57:56] 	 Ouverture de la table : C:\EFELE\TS-MO_C_.P8\SS_DATEI.DB
[17:57:56] 	 Ouverture de la table : C:\EFELE\TS-MO_C_.P9\SS_DATEI.DB
[17:57:56] 	 Ouverture de la table : C:\EFELE\TSMO_C_P.10\SS_DATEI.DB
[17:57:56] 	 Ouverture de la table : C:\EFELE\EFEL_C_M.ET\SS_DATEI.DB
[17:57:56] 	 Ouverture de la table : C:\EFELE\00PRO_C_.P1\SS_DATEI.DB
[17:57:56] 	 Ouverture de la table : C:\EFELE\00PRO_C_.P2\SS_DATEI.DB
[17:57:56] 	 Ouverture de la table : C:\EFELE\AUTOEXPO.DB
[17:57:56] 	 Ouverture de la table : C:\EFELE\EXPO034.DB
[17:57:57]  Lecture des stations pour : C:\Naizin\
[17:57:57] 	 Ouverture de la table : C:\Naizin\GB_DATEI.DB
[17:57:57] 	 Ouverture de la table : C:\Naizin\GBM_02.DB
[17:57:57] 	 Ouverture de la table : C:\Naizin\KERR_B_P.K1\SS_DATEI.DB
[17:57:57] 	 Ouverture de la table : C:\Naizin\KERR_B_P.K2\SS_DATEI.DB
[17:57:57] 	 Ouverture de la table : C:\Naizin\KERR_B_P.K3\SS_DATEI.DB
[17:57:57] 	 Ouverture de la table : C:\Naizin\KERR_B_P.K4\SS_DATEI.DB
[17:57:57] 	 Ouverture de la table : C:\Naizin\KERR_B_P.K5\SS_DATEI.DB
[17:57:57] 	 Ouverture de la table : C:\Naizin\KERR_B_P.K6\SS_DATEI.DB
[17:57:57] 	 Ouverture de la table : C:\Naizin\GUER_B_P.G1\SS_DATEI.DB
[17:57:57] 	 Ouverture de la table : C:\Naizin\GUER_B_P.G2\SS_DATEI.DB
[17:57:57] 	 Ouverture de la table : C:\Naizin\GUER_B_P.G3\SS_DATEI.DB
[17:57:57] 	 Ouverture de la table : C:\Naizin\GUER_B_P.G4\SS_DATEI.DB
[17:57:57] 	 Ouverture de la table : C:\Naizin\GUER_B_P.G5\SS_DATEI.DB
[17:57:57] 	 Ouverture de la table : C:\Naizin\GUER_B_P.G6\SS_DATEI.DB
[17:57:57] 	 Ouverture de la table : C:\Naizin\KERV_B_E.XU\SS_DATEI.DB
[17:57:57] 	 Ouverture de la table : C:\Naizin\FOUR_B_P.F1\SS_DATEI.DB
[17:57:57] 	 Ouverture de la table : C:\Naizin\FOUR_B_P.F2\SS_DATEI.DB
[17:57:57] 	 Ouverture de la table : C:\Naizin\FOUR_B_P.F3\SS_DATEI.DB
[17:57:57] 	 Ouverture de la table : C:\Naizin\TOUL_B_M.ET\SS_DATEI.DB
[17:57:57] 	 Ouverture de la table : C:\Naizin\GBM_03.DB
[17:57:57] 	 Ouverture de la table : C:\Naizin\KERV_C_E.XU\SS_DATEI.DB
[17:57:57] 	 Ouverture de la table : C:\Naizin\KERR_C_P.K1\SS_DATEI.DB
[17:57:57] 	 Ouverture de la table : C:\Naizin\KERR_C_P.K2\SS_DATEI.DB
[17:57:57] 	 Ouverture de la table : C:\Naizin\KERR_C_P.K3\SS_DATEI.DB
[17:57:57] 	 Ouverture de la table : C:\Naizin\KERR_C_P.K4\SS_DATEI.DB
[17:57:57] 	 Ouverture de la table : C:\Naizin\GUER_C_P.G2\SS_DATEI.DB
[17:57:57] 	 Ouverture de la table : C:\Naizin\GUER_C_P.G3\SS_DATEI.DB
[17:57:57] 	 Ouverture de la table : C:\Naizin\GUER_C_P.G4\SS_DATEI.DB
[17:57:57] 	 Ouverture de la table : C:\Naizin\GUER_C_P.G5\SS_DATEI.DB
[17:57:57] 	 Ouverture de la table : C:\Naizin\GUER_C_P.G6\SS_DATEI.DB
[17:57:57] 	 Ouverture de la table : C:\Naizin\GUER_C_P.G1\SS_DATEI.DB
[17:57:57] 	 Ouverture de la table : C:\Naizin\GBM_01.DB
[17:57:57] 	 Ouverture de la table : C:\Naizin\00002MET.EO\SS_DATEI.DB
[17:57:57] 	 Ouverture de la table : C:\Naizin\GBM_04.DB
[17:57:57] 	 Ouverture de la table : C:\Naizin\KERV_E_E.XU\SS_DATEI.DB
[17:57:57] 	 Ouverture de la table : C:\Naizin\GBM_06.DB
[17:57:57] 	 Ouverture de la table : C:\Naizin\GUER_V_P.G1\SS_DATEI.DB
[17:57:57] 	 Ouverture de la table : C:\Naizin\GUER_V_P.G2\SS_DATEI.DB
[17:57:57] 	 Ouverture de la table : C:\Naizin\GUER_V_P.G3\SS_DATEI.DB
[17:57:57] 	 Ouverture de la table : C:\Naizin\GUER_V_P.G4\SS_DATEI.DB
[17:57:57] 	 Ouverture de la table : C:\Naizin\GUER_V_P.G5\SS_DATEI.DB
[17:57:57] 	 Ouverture de la table : C:\Naizin\GUER_V_P.G6\SS_DATEI.DB
[17:57:57] 	 Ouverture de la table : C:\Naizin\KERR_V_P.K2\SS_DATEI.DB
[17:57:57] 	 Ouverture de la table : C:\Naizin\KERR_V_P.K3\SS_DATEI.DB
[17:57:57] 	 Ouverture de la table : C:\Naizin\KERR_V_P.K4\SS_DATEI.DB
[17:57:57] 	 Ouverture de la table : C:\Naizin\KERV_V_E.XU\SS_DATEI.DB
[17:57:57] 	 Ouverture de la table : C:\Naizin\KERR_V_P.K1\SS_DATEI.DB
[17:57:57] 	 Ouverture de la table : C:\Naizin\AUTOEXPO.DB
[17:57:57] 	 Ouverture de la table : C:\Naizin\EXPO001.DB
[17:58:04]  lecture de la configuration
[17:58:04]  Rafraichissement de la configuration
[17:58:04] 	 Activation surveillance de : C:\export
[17:58:04] 	 Tentative de connection
[17:58:04] 		 Connection OK
[17:58:04] 	 Tentative de connection
[17:58:04] 		 Deja connecte
[17:58:06]  Sortie de programme
[17:58:49]  Demmarrage : 0.9.9.0
[17:58:49]  lecture de la configuration
[17:58:49]  Rafraichissement de la configuration
[17:58:49] 	 Activation surveillance de : C:\export
[17:58:49] 	 Tentative de connection
[17:58:49] 		 Connection OK
[17:58:49] 	 Tentative de connection
[17:58:49] 		 Deja connecte
[17:58:54] 	 Arret de la surveillance de : C:\export
[17:59:06]  Lecture des stations pour : C:\Naizin\
[17:59:06] 	 Ouverture de la table : C:\Naizin\GB_DATEI.DB
[17:59:06] 	 Ouverture de la table : C:\Naizin\GBM_02.DB
[17:59:06] 	 Ouverture de la table : C:\Naizin\KERR_B_P.K1\SS_DATEI.DB
[17:59:06] 	 Ouverture de la table : C:\Naizin\KERR_B_P.K2\SS_DATEI.DB
[17:59:06] 	 Ouverture de la table : C:\Naizin\KERR_B_P.K3\SS_DATEI.DB
[17:59:06] 	 Ouverture de la table : C:\Naizin\KERR_B_P.K4\SS_DATEI.DB
[17:59:06] 	 Ouverture de la table : C:\Naizin\KERR_B_P.K5\SS_DATEI.DB
[17:59:06] 	 Ouverture de la table : C:\Naizin\KERR_B_P.K6\SS_DATEI.DB
[17:59:06] 	 Ouverture de la table : C:\Naizin\GUER_B_P.G1\SS_DATEI.DB
[17:59:06] 	 Ouverture de la table : C:\Naizin\GUER_B_P.G2\SS_DATEI.DB
[17:59:06] 	 Ouverture de la table : C:\Naizin\GUER_B_P.G3\SS_DATEI.DB
[17:59:06] 	 Ouverture de la table : C:\Naizin\GUER_B_P.G4\SS_DATEI.DB
[17:59:06] 	 Ouverture de la table : C:\Naizin\GUER_B_P.G5\SS_DATEI.DB
[17:59:06] 	 Ouverture de la table : C:\Naizin\GUER_B_P.G6\SS_DATEI.DB
[17:59:06] 	 Ouverture de la table : C:\Naizin\KERV_B_E.XU\SS_DATEI.DB
[17:59:06] 	 Ouverture de la table : C:\Naizin\FOUR_B_P.F1\SS_DATEI.DB
[17:59:06] 	 Ouverture de la table : C:\Naizin\FOUR_B_P.F2\SS_DATEI.DB
[17:59:06] 	 Ouverture de la table : C:\Naizin\FOUR_B_P.F3\SS_DATEI.DB
[17:59:06] 	 Ouverture de la table : C:\Naizin\TOUL_B_M.ET\SS_DATEI.DB
[17:59:06] 	 Ouverture de la table : C:\Naizin\GBM_03.DB
[17:59:06] 	 Ouverture de la table : C:\Naizin\KERV_C_E.XU\SS_DATEI.DB
[17:59:07] 	 Ouverture de la table : C:\Naizin\KERR_C_P.K1\SS_DATEI.DB
[17:59:07] 	 Ouverture de la table : C:\Naizin\KERR_C_P.K2\SS_DATEI.DB
[17:59:07] 	 Ouverture de la table : C:\Naizin\KERR_C_P.K3\SS_DATEI.DB
[17:59:07] 	 Ouverture de la table : C:\Naizin\KERR_C_P.K4\SS_DATEI.DB
[17:59:07] 	 Ouverture de la table : C:\Naizin\GUER_C_P.G2\SS_DATEI.DB
[17:59:07] 	 Ouverture de la table : C:\Naizin\GUER_C_P.G3\SS_DATEI.DB
[17:59:07] 	 Ouverture de la table : C:\Naizin\GUER_C_P.G4\SS_DATEI.DB
[17:59:07] 	 Ouverture de la table : C:\Naizin\GUER_C_P.G5\SS_DATEI.DB
[17:59:07] 	 Ouverture de la table : C:\Naizin\GUER_C_P.G6\SS_DATEI.DB
[17:59:07] 	 Ouverture de la table : C:\Naizin\GUER_C_P.G1\SS_DATEI.DB
[17:59:07] 	 Ouverture de la table : C:\Naizin\GBM_01.DB
[17:59:07] 	 Ouverture de la table : C:\Naizin\00002MET.EO\SS_DATEI.DB
[17:59:07] 	 Ouverture de la table : C:\Naizin\GBM_04.DB
[17:59:07] 	 Ouverture de la table : C:\Naizin\KERV_E_E.XU\SS_DATEI.DB
[17:59:07] 	 Ouverture de la table : C:\Naizin\GBM_06.DB
[17:59:07] 	 Ouverture de la table : C:\Naizin\GUER_V_P.G1\SS_DATEI.DB
[17:59:07] 	 Ouverture de la table : C:\Naizin\GUER_V_P.G2\SS_DATEI.DB
[17:59:07] 	 Ouverture de la table : C:\Naizin\GUER_V_P.G3\SS_DATEI.DB
[17:59:07] 	 Ouverture de la table : C:\Naizin\GUER_V_P.G4\SS_DATEI.DB
[17:59:07] 	 Ouverture de la table : C:\Naizin\GUER_V_P.G5\SS_DATEI.DB
[17:59:07] 	 Ouverture de la table : C:\Naizin\GUER_V_P.G6\SS_DATEI.DB
[17:59:07] 	 Ouverture de la table : C:\Naizin\KERR_V_P.K2\SS_DATEI.DB
[17:59:07] 	 Ouverture de la table : C:\Naizin\KERR_V_P.K3\SS_DATEI.DB
[17:59:07] 	 Ouverture de la table : C:\Naizin\KERR_V_P.K4\SS_DATEI.DB
[17:59:07] 	 Ouverture de la table : C:\Naizin\KERV_V_E.XU\SS_DATEI.DB
[17:59:07] 	 Ouverture de la table : C:\Naizin\KERR_V_P.K1\SS_DATEI.DB
[17:59:07] 	 Ouverture de la table : C:\Naizin\AUTOEXPO.DB
[17:59:07] 	 Ouverture de la table : C:\Naizin\EXPO001.DB
[17:59:09]  Lecture des stations pour : C:\EFELE\
[17:59:09] 	 Ouverture de la table : C:\EFELE\GB_DATEI.DB
[17:59:09] 	 Ouverture de la table : C:\EFELE\GBM_00.DB
[17:59:09] 	 Ouverture de la table : C:\EFELE\00PRO_B_.P3\SS_DATEI.DB
[17:59:09] 	 Ouverture de la table : C:\EFELE\00PRO_B_.P4\SS_DATEI.DB
[17:59:09] 	 Ouverture de la table : C:\EFELE\00PRO_B_.P5\SS_DATEI.DB
[17:59:09] 	 Ouverture de la table : C:\EFELE\TS-MO_B_.P7\SS_DATEI.DB
[17:59:09] 	 Ouverture de la table : C:\EFELE\TS-MO_B_.P8\SS_DATEI.DB
[17:59:09] 	 Ouverture de la table : C:\EFELE\TS-MO_B_.P9\SS_DATEI.DB
[17:59:09] 	 Ouverture de la table : C:\EFELE\TSMO_B_P.10\SS_DATEI.DB
[17:59:09] 	 Ouverture de la table : C:\EFELE\EFEL_B_M.ET\SS_DATEI.DB
[17:59:09] 	 Ouverture de la table : C:\EFELE\00PRO_B_.P1\SS_DATEI.DB
[17:59:09] 	 Ouverture de la table : C:\EFELE\00PRO_B_.P2\SS_DATEI.DB
[17:59:09] 	 Ouverture de la table : C:\EFELE\GBM_01.DB
[17:59:09] 	 Ouverture de la table : C:\EFELE\00PRO_C_.P3\SS_DATEI.DB
[17:59:09] 	 Ouverture de la table : C:\EFELE\00PRO_C_.P4\SS_DATEI.DB
[17:59:09] 	 Ouverture de la table : C:\EFELE\00PRO_C_.P5\SS_DATEI.DB
[17:59:09] 	 Ouverture de la table : C:\EFELE\TS-MO_C_.P7\SS_DATEI.DB
[17:59:09] 	 Ouverture de la table : C:\EFELE\TS-MO_C_.P8\SS_DATEI.DB
[17:59:09] 	 Ouverture de la table : C:\EFELE\TS-MO_C_.P9\SS_DATEI.DB
[17:59:09] 	 Ouverture de la table : C:\EFELE\TSMO_C_P.10\SS_DATEI.DB
[17:59:09] 	 Ouverture de la table : C:\EFELE\EFEL_C_M.ET\SS_DATEI.DB
[17:59:09] 	 Ouverture de la table : C:\EFELE\00PRO_C_.P1\SS_DATEI.DB
[17:59:09] 	 Ouverture de la table : C:\EFELE\00PRO_C_.P2\SS_DATEI.DB
[17:59:09] 	 Ouverture de la table : C:\EFELE\AUTOEXPO.DB
[17:59:09] 	 Ouverture de la table : C:\EFELE\EXPO034.DB
[17:59:15]  lecture de la configuration
[17:59:15]  Rafraichissement de la configuration
[17:59:15] 	 Activation surveillance de : C:\export
[17:59:15] 	 Tentative de connection
[17:59:15] 		 Connection OK
[17:59:15] 	 Tentative de connection
[17:59:15] 		 Deja connecte
[17:59:31] 	 Arret de la surveillance de : C:\export
[17:59:38]  Lecture des stations pour : C:\EFELE\
[17:59:38] 		 Table : C:\EFELE\GB_DATEI.DB deja ouverte
[17:59:38] 	 Ouverture de la table : C:\EFELE\GBM_00.DB
[17:59:38] 	 Ouverture de la table : C:\EFELE\00PRO_B_.P3\SS_DATEI.DB
[17:59:38] 	 Ouverture de la table : C:\EFELE\00PRO_B_.P4\SS_DATEI.DB
[17:59:38] 	 Ouverture de la table : C:\EFELE\00PRO_B_.P5\SS_DATEI.DB
[17:59:38] 	 Ouverture de la table : C:\EFELE\TS-MO_B_.P7\SS_DATEI.DB
[17:59:38] 	 Ouverture de la table : C:\EFELE\TS-MO_B_.P8\SS_DATEI.DB
[17:59:38] 	 Ouverture de la table : C:\EFELE\TS-MO_B_.P9\SS_DATEI.DB
[17:59:38] 	 Ouverture de la table : C:\EFELE\TSMO_B_P.10\SS_DATEI.DB
[17:59:38] 	 Ouverture de la table : C:\EFELE\EFEL_B_M.ET\SS_DATEI.DB
[17:59:38] 	 Ouverture de la table : C:\EFELE\00PRO_B_.P1\SS_DATEI.DB
[17:59:38] 	 Ouverture de la table : C:\EFELE\00PRO_B_.P2\SS_DATEI.DB
[17:59:38] 	 Ouverture de la table : C:\EFELE\GBM_01.DB
[17:59:38] 	 Ouverture de la table : C:\EFELE\00PRO_C_.P3\SS_DATEI.DB
[17:59:38] 	 Ouverture de la table : C:\EFELE\00PRO_C_.P4\SS_DATEI.DB
[17:59:38] 	 Ouverture de la table : C:\EFELE\00PRO_C_.P5\SS_DATEI.DB
[17:59:39] 	 Ouverture de la table : C:\EFELE\TS-MO_C_.P7\SS_DATEI.DB
[17:59:39] 	 Ouverture de la table : C:\EFELE\TS-MO_C_.P8\SS_DATEI.DB
[17:59:39] 	 Ouverture de la table : C:\EFELE\TS-MO_C_.P9\SS_DATEI.DB
[17:59:39] 	 Ouverture de la table : C:\EFELE\TSMO_C_P.10\SS_DATEI.DB
[17:59:39] 	 Ouverture de la table : C:\EFELE\EFEL_C_M.ET\SS_DATEI.DB
[17:59:39] 	 Ouverture de la table : C:\EFELE\00PRO_C_.P1\SS_DATEI.DB
[17:59:39] 	 Ouverture de la table : C:\EFELE\00PRO_C_.P2\SS_DATEI.DB
[17:59:39] 	 Ouverture de la table : C:\EFELE\AUTOEXPO.DB
[17:59:39] 	 Ouverture de la table : C:\EFELE\EXPO034.DB
[17:59:43]  Rafraichissement de la configuration
[17:59:43] 	 Activation surveillance de : C:\export
[17:59:43] 	 Tentative de connection
[17:59:43] 		 Connection OK
[17:59:43] 	 Tentative de connection
[17:59:43] 		 Deja connecte
[18:00:00]  Deplacement Fichier : C:\export\config.ini
[18:02:12]  Sortie de programme
[18:02:41]  Demmarrage : 0.9.9.0
[18:02:41]  lecture de la configuration
[18:02:41]  Rafraichissement de la configuration
[18:02:41] 	 Activation surveillance de : C:\export
[18:02:41] 	 Tentative de connection
[18:02:41] 		 Connection OK
[18:02:41] 	 Tentative de connection
[18:02:41] 		 Deja connecte
[18:03:13]  Sortie de programme
